<?xml version="1.0" encoding="utf-8"?><testsuites name="pytest tests"><testsuite name="pytest" errors="0" failures="0" skipped="0" tests="12" time="1.703" timestamp="2026-03-30T22:59:54.532465+00:00" hostname="agent-env-3d5668f4-564b-4aeb-92c8-9d4b0679c311"><testcase classname="backend.tests.test_nuzlocke.TestHealth" name="test_api_root" time="0.200" /><testcase classname="backend.tests.test_nuzlocke.TestNuzlockeRuns" name="test_get_runs" time="0.124" /><testcase classname="backend.tests.test_nuzlocke.TestNuzlockeRuns" name="test_create_run" time="0.137" /><testcase classname="backend.tests.test_nuzlocke.TestNuzlockeRuns" name="test_get_run_by_id" time="0.112" /><testcase classname="backend.tests.test_nuzlocke.TestNuzlockeRuns" name="test_update_run_status" time="0.131" /><testcase classname="backend.tests.test_nuzlocke.TestNuzlockeRuns" name="test_get_runs_has_encounter_counts" time="0.115" /><testcase classname="backend.tests.test_nuzlocke.TestEncounters" name="test_get_encounters_empty" time="0.169" /><testcase classname="backend.tests.test_nuzlocke.TestEncounters" name="test_add_encounter" time="0.108" /><testcase classname="backend.tests.test_nuzlocke.TestEncounters" name="test_update_encounter_faint" time="0.108" /><testcase classname="backend.tests.test_nuzlocke.TestEncounters" name="test_delete_encounter" time="0.126" /><testcase classname="backend.tests.test_nuzlocke.TestEncounters" name="test_delete_run_cleanup" time="0.101" /><testcase classname="backend.tests.test_nuzlocke.TestEncounters" name="test_run_404_after_delete" time="0.114" /></testsuite></testsuites>