<?xml version="1.0" encoding="utf-8"?><testsuites name="pytest tests"><testsuite name="pytest" errors="0" failures="0" skipped="0" tests="13" time="1.965" timestamp="2026-03-31T00:01:00.153684+00:00" hostname="agent-env-3d5668f4-564b-4aeb-92c8-9d4b0679c311"><testcase classname="backend.tests.test_nuzlocke.TestHealth" name="test_api_root" time="0.276" /><testcase classname="backend.tests.test_nuzlocke.TestNuzlockeRuns" name="test_get_runs" time="0.153" /><testcase classname="backend.tests.test_nuzlocke.TestNuzlockeRuns" name="test_create_run" time="0.149" /><testcase classname="backend.tests.test_nuzlocke.TestNuzlockeRuns" name="test_get_run_by_id" time="0.107" /><testcase classname="backend.tests.test_nuzlocke.TestNuzlockeRuns" name="test_update_run_status" time="0.172" /><testcase classname="backend.tests.test_nuzlocke.TestNuzlockeRuns" name="test_get_runs_has_encounter_counts" time="0.107" /><testcase classname="backend.tests.test_nuzlocke.TestEncounters" name="test_get_encounters_empty" time="0.105" /><testcase classname="backend.tests.test_nuzlocke.TestEncounters" name="test_add_encounter" time="0.118" /><testcase classname="backend.tests.test_nuzlocke.TestEncounters" name="test_add_encounter_with_moves" time="0.145" /><testcase classname="backend.tests.test_nuzlocke.TestEncounters" name="test_update_encounter_faint" time="0.112" /><testcase classname="backend.tests.test_nuzlocke.TestEncounters" name="test_delete_encounter" time="0.128" /><testcase classname="backend.tests.test_nuzlocke.TestEncounters" name="test_delete_run_cleanup" time="0.115" /><testcase classname="backend.tests.test_nuzlocke.TestEncounters" name="test_run_404_after_delete" time="0.109" /></testsuite></testsuites>